------------------------------------------------------------------------------------------------------------------------

[2017-11-07 13:50:18 #1 type.registry] 
New type tp5.Proces

[2017-11-07 13:50:18 #2 type] 
Type tp5.Proces is not enhanced.

[2017-11-07 13:50:18 #3 type.registry] 
New type tp5.Partie

[2017-11-07 13:50:18 #4 type.registry] 
New type tp5.Juge

[2017-11-07 13:50:18 #5 type] 
Type tp5.Partie is not enhanced.

[2017-11-07 13:50:18 #6 type.registry] 
New type tp5.Avocat

[2017-11-07 13:50:18 #7 type] 
Type tp5.Juge is not enhanced.

[2017-11-07 13:50:18 #8 type] 
Type tp5.Avocat is not enhanced.

[2017-11-07 13:50:18 #9 type.registry] 
New type tp5.Seance

[2017-11-07 13:50:18 #10 type] 
Type tp5.Seance is not enhanced.

------------------------------------------------------------------------------------------------------------------------

[2017-11-07 13:50:32 #1 type] 
Type tp5.Proces is not enhanced.

[2017-11-07 13:50:32 #2 type] 
Type tp5.Partie is not enhanced.

[2017-11-07 13:50:32 #3 type] 
Type tp5.Juge is not enhanced.

[2017-11-07 13:50:32 #4 type] 
Type tp5.Avocat is not enhanced.

[2017-11-07 13:50:32 #5 type.registry] 
New type tp5.Seance

[2017-11-07 13:50:32 #6 type] 
Type tp5.Seance is not enhanced.

------------------------------------------------------------------------------------------------------------------------

[2017-11-07 13:51:03 #1 type] 
Type tp5.Proces is not enhanced.

[2017-11-07 13:51:03 #2 type] 
Type tp5.Partie is not enhanced.

[2017-11-07 13:51:03 #3 type] 
Type tp5.Juge is not enhanced.

[2017-11-07 13:51:03 #4 type] 
Type tp5.Avocat is not enhanced.

[2017-11-07 13:51:03 #5 type.registry] 
New type tp5.Seance

[2017-11-07 13:51:03 #6 type] 
Type tp5.Seance is not enhanced.

------------------------------------------------------------------------------------------------------------------------

[2017-11-07 13:52:13 #1 type] 
Type tp5.Proces is not enhanced.

[2017-11-07 13:52:13 #2 type] 
Type tp5.Partie is not enhanced.

[2017-11-07 13:52:13 #3 type] 
Type tp5.Juge is not enhanced.

[2017-11-07 13:52:13 #4 type] 
Type tp5.Avocat is not enhanced.

[2017-11-07 13:52:13 #5 type.registry] 
New type tp5.Seance

[2017-11-07 13:52:13 #6 type] 
Type tp5.Seance is not enhanced.

